  StartPoint.cpp
C:\Users\Dan-Mechanics\Development\GITHUB\StartingPoint\StartingPoint\libraries\include\SFML\System\Exception.hpp(41,47): warning C4275: non dll-interface class 'std::runtime_error' used as base for dll-interface class 'sf::Exception'
  (compiling source file 'StartPoint.cpp')
      C:\Program Files\Microsoft Visual Studio\2022\Community\VC\Tools\MSVC\14.44.35207\include\stdexcept(100,30):
      see declaration of 'std::runtime_error'
      C:\Users\Dan-Mechanics\Development\GITHUB\StartingPoint\StartingPoint\libraries\include\SFML\System\Exception.hpp(41,23):
      see declaration of 'sf::Exception'
  
C:\Users\Dan-Mechanics\Development\GITHUB\StartingPoint\StartingPoint\sort.inl(21,10): warning C4244: '=': conversion from '_Ty' to 'float', possible loss of data
C:\Users\Dan-Mechanics\Development\GITHUB\StartingPoint\StartingPoint\sort.inl(21,10): warning C4244:         with
C:\Users\Dan-Mechanics\Development\GITHUB\StartingPoint\StartingPoint\sort.inl(21,10): warning C4244:         [
C:\Users\Dan-Mechanics\Development\GITHUB\StartingPoint\StartingPoint\sort.inl(21,10): warning C4244:             _Ty=int
C:\Users\Dan-Mechanics\Development\GITHUB\StartingPoint\StartingPoint\sort.inl(21,10): warning C4244:         ]
  (compiling source file 'StartPoint.cpp')
  
CircleEditor.obj : error LNK2019: unresolved external symbol "bool __cdecl ImGui::Begin(char const *,bool *,int)" (?Begin@ImGui@@YA_NPEBDPEA_NH@Z) referenced in function "public: virtual int __cdecl CircleEditor::run(void)const " (?run@CircleEditor@@UEBAHXZ)
StartPoint.obj : error LNK2001: unresolved external symbol "bool __cdecl ImGui::Begin(char const *,bool *,int)" (?Begin@ImGui@@YA_NPEBDPEA_NH@Z)
CircleEditor.obj : error LNK2019: unresolved external symbol "void __cdecl ImGui::End(void)" (?End@ImGui@@YAXXZ) referenced in function "public: virtual int __cdecl CircleEditor::run(void)const " (?run@CircleEditor@@UEBAHXZ)
StartPoint.obj : error LNK2001: unresolved external symbol "void __cdecl ImGui::End(void)" (?End@ImGui@@YAXXZ)
CircleEditor.obj : error LNK2019: unresolved external symbol "void __cdecl ImGui::Text(char const *,...)" (?Text@ImGui@@YAXPEBDZZ) referenced in function "public: virtual int __cdecl CircleEditor::run(void)const " (?run@CircleEditor@@UEBAHXZ)
CircleEditor.obj : error LNK2019: unresolved external symbol "bool __cdecl ImGui::Checkbox(char const *,bool *)" (?Checkbox@ImGui@@YA_NPEBDPEA_N@Z) referenced in function "public: virtual int __cdecl CircleEditor::run(void)const " (?run@CircleEditor@@UEBAHXZ)
CircleEditor.obj : error LNK2019: unresolved external symbol "bool __cdecl ImGui::SliderFloat(char const *,float *,float,float,char const *,int)" (?SliderFloat@ImGui@@YA_NPEBDPEAMMM0H@Z) referenced in function "public: virtual int __cdecl CircleEditor::run(void)const " (?run@CircleEditor@@UEBAHXZ)
CircleEditor.obj : error LNK2019: unresolved external symbol "bool __cdecl ImGui::SliderInt(char const *,int *,int,int,char const *,int)" (?SliderInt@ImGui@@YA_NPEBDPEAHHH0H@Z) referenced in function "public: virtual int __cdecl CircleEditor::run(void)const " (?run@CircleEditor@@UEBAHXZ)
CircleEditor.obj : error LNK2019: unresolved external symbol "bool __cdecl ImGui::ColorEdit3(char const *,float * const,int)" (?ColorEdit3@ImGui@@YA_NPEBDQEAMH@Z) referenced in function "public: virtual int __cdecl CircleEditor::run(void)const " (?run@CircleEditor@@UEBAHXZ)
CircleEditor.obj : error LNK2019: unresolved external symbol "bool __cdecl ImGui::SFML::Init(class sf::RenderWindow &,bool)" (?Init@SFML@ImGui@@YA_NAEAVRenderWindow@sf@@_N@Z) referenced in function "public: virtual int __cdecl CircleEditor::run(void)const " (?run@CircleEditor@@UEBAHXZ)
StartPoint.obj : error LNK2001: unresolved external symbol "bool __cdecl ImGui::SFML::Init(class sf::RenderWindow &,bool)" (?Init@SFML@ImGui@@YA_NAEAVRenderWindow@sf@@_N@Z)
CircleEditor.obj : error LNK2019: unresolved external symbol "void __cdecl ImGui::SFML::ProcessEvent(class sf::Window const &,class sf::Event const &)" (?ProcessEvent@SFML@ImGui@@YAXAEBVWindow@sf@@AEBVEvent@4@@Z) referenced in function "public: virtual int __cdecl CircleEditor::run(void)const " (?run@CircleEditor@@UEBAHXZ)
StartPoint.obj : error LNK2001: unresolved external symbol "void __cdecl ImGui::SFML::ProcessEvent(class sf::Window const &,class sf::Event const &)" (?ProcessEvent@SFML@ImGui@@YAXAEBVWindow@sf@@AEBVEvent@4@@Z)
CircleEditor.obj : error LNK2019: unresolved external symbol "void __cdecl ImGui::SFML::Update(class sf::RenderWindow &,class sf::Time)" (?Update@SFML@ImGui@@YAXAEAVRenderWindow@sf@@VTime@4@@Z) referenced in function "public: virtual int __cdecl CircleEditor::run(void)const " (?run@CircleEditor@@UEBAHXZ)
StartPoint.obj : error LNK2001: unresolved external symbol "void __cdecl ImGui::SFML::Update(class sf::RenderWindow &,class sf::Time)" (?Update@SFML@ImGui@@YAXAEAVRenderWindow@sf@@VTime@4@@Z)
CircleEditor.obj : error LNK2019: unresolved external symbol "void __cdecl ImGui::SFML::Render(class sf::RenderWindow &)" (?Render@SFML@ImGui@@YAXAEAVRenderWindow@sf@@@Z) referenced in function "public: virtual int __cdecl CircleEditor::run(void)const " (?run@CircleEditor@@UEBAHXZ)
StartPoint.obj : error LNK2001: unresolved external symbol "void __cdecl ImGui::SFML::Render(class sf::RenderWindow &)" (?Render@SFML@ImGui@@YAXAEAVRenderWindow@sf@@@Z)
CircleEditor.obj : error LNK2019: unresolved external symbol "void __cdecl ImGui::SFML::Shutdown(void)" (?Shutdown@SFML@ImGui@@YAXXZ) referenced in function "public: virtual int __cdecl CircleEditor::run(void)const " (?run@CircleEditor@@UEBAHXZ)
StartPoint.obj : error LNK2019: unresolved external symbol "struct ImGuiIO & __cdecl ImGui::GetIO(void)" (?GetIO@ImGui@@YAAEAUImGuiIO@@XZ) referenced in function "void __cdecl FxTestBed2(void)" (?FxTestBed2@@YAXXZ)
StartPoint.obj : error LNK2019: unresolved external symbol "void __cdecl ImGui::ShowDemoWindow(bool *)" (?ShowDemoWindow@ImGui@@YAXPEA_N@Z) referenced in function "public: virtual int __cdecl StartPoint::run(void)const " (?run@StartPoint@@UEBAHXZ)
StartPoint.obj : error LNK2019: unresolved external symbol "char const * __cdecl ImGui::GetVersion(void)" (?GetVersion@ImGui@@YAPEBDXZ) referenced in function "public: virtual int __cdecl StartPoint::run(void)const " (?run@StartPoint@@UEBAHXZ)
StartPoint.obj : error LNK2019: unresolved external symbol "struct ImDrawList * __cdecl ImGui::GetWindowDrawList(void)" (?GetWindowDrawList@ImGui@@YAPEAUImDrawList@@XZ) referenced in function "void __cdecl FxTestBed2(void)" (?FxTestBed2@@YAXXZ)
StartPoint.obj : error LNK2019: unresolved external symbol "unsigned int __cdecl ImGui::GetID(void const *)" (?GetID@ImGui@@YAIPEBX@Z) referenced in function "void __cdecl FX(struct ImDrawList *,struct ImVec2,struct ImVec2,struct ImVec2,struct ImVec2,float)" (?FX@@YAXPEAUImDrawList@@UImVec2@@111M@Z)
StartPoint.obj : error LNK2019: unresolved external symbol "bool __cdecl ImGui::InvisibleButton(char const *,struct ImVec2 const &,int)" (?InvisibleButton@ImGui@@YA_NPEBDAEBUImVec2@@H@Z) referenced in function "void __cdecl FxTestBed2(void)" (?FxTestBed2@@YAXXZ)
StartPoint.obj : error LNK2019: unresolved external symbol "struct ImVec2 __cdecl ImGui::GetItemRectMin(void)" (?GetItemRectMin@ImGui@@YA?AUImVec2@@XZ) referenced in function "void __cdecl FxTestBed2(void)" (?FxTestBed2@@YAXXZ)
StartPoint.obj : error LNK2019: unresolved external symbol "struct ImVec2 __cdecl ImGui::GetItemRectMax(void)" (?GetItemRectMax@ImGui@@YA?AUImVec2@@XZ) referenced in function "void __cdecl FxTestBed2(void)" (?FxTestBed2@@YAXXZ)
StartPoint.obj : error LNK2019: unresolved external symbol "double __cdecl ImGui::GetTime(void)" (?GetTime@ImGui@@YANXZ) referenced in function "void __cdecl FxTestBed2(void)" (?FxTestBed2@@YAXXZ)
StartPoint.obj : error LNK2019: unresolved external symbol "unsigned int __cdecl ImGui::ColorConvertFloat4ToU32(struct ImVec4 const &)" (?ColorConvertFloat4ToU32@ImGui@@YAIAEBUImVec4@@@Z) referenced in function "public: __cdecl ImColor::operator unsigned int(void)const " (??BImColor@@QEBAIXZ)
StartPoint.obj : error LNK2019: unresolved external symbol "public: void __cdecl ImDrawList::PushClipRect(struct ImVec2 const &,struct ImVec2 const &,bool)" (?PushClipRect@ImDrawList@@QEAAXAEBUImVec2@@0_N@Z) referenced in function "void __cdecl FxTestBed2(void)" (?FxTestBed2@@YAXXZ)
StartPoint.obj : error LNK2019: unresolved external symbol "public: void __cdecl ImDrawList::PopClipRect(void)" (?PopClipRect@ImDrawList@@QEAAXXZ) referenced in function "void __cdecl FxTestBed2(void)" (?FxTestBed2@@YAXXZ)
StartPoint.obj : error LNK2019: unresolved external symbol "public: void __cdecl ImDrawList::AddLine(struct ImVec2 const &,struct ImVec2 const &,unsigned int,float)" (?AddLine@ImDrawList@@QEAAXAEBUImVec2@@0IM@Z) referenced in function "void __cdecl FX(struct ImDrawList *,struct ImVec2,struct ImVec2,struct ImVec2,struct ImVec2,float)" (?FX@@YAXPEAUImDrawList@@UImVec2@@111M@Z)
StartPoint.obj : error LNK2019: unresolved external symbol "public: void __cdecl ImDrawList::AddRect(struct ImVec2 const &,struct ImVec2 const &,unsigned int,float,int,float)" (?AddRect@ImDrawList@@QEAAXAEBUImVec2@@0IMHM@Z) referenced in function "void __cdecl FX2(struct ImDrawList *,struct ImVec2,struct ImVec2,struct ImVec2,struct ImVec4,float)" (?FX2@@YAXPEAUImDrawList@@UImVec2@@11UImVec4@@M@Z)
StartPoint.obj : error LNK2019: unresolved external symbol "public: void __cdecl ImDrawList::AddRectFilled(struct ImVec2 const &,struct ImVec2 const &,unsigned int,float,int)" (?AddRectFilled@ImDrawList@@QEAAXAEBUImVec2@@0IMH@Z) referenced in function "void __cdecl FX2(struct ImDrawList *,struct ImVec2,struct ImVec2,struct ImVec2,struct ImVec4,float)" (?FX2@@YAXPEAUImDrawList@@UImVec2@@11UImVec4@@M@Z)
StartPoint.obj : error LNK2019: unresolved external symbol "public: void __cdecl ImDrawList::AddCircle(struct ImVec2 const &,float,unsigned int,int,float)" (?AddCircle@ImDrawList@@QEAAXAEBUImVec2@@MIHM@Z) referenced in function "void __cdecl FX(struct ImDrawList *,struct ImVec2,struct ImVec2,struct ImVec2,struct ImVec2,float)" (?FX@@YAXPEAUImDrawList@@UImVec2@@111M@Z)
StartPoint.obj : error LNK2019: unresolved external symbol "public: void __cdecl ImDrawList::AddText(struct ImVec2 const &,unsigned int,char const *,char const *)" (?AddText@ImDrawList@@QEAAXAEBUImVec2@@IPEBD1@Z) referenced in function "void __cdecl FX2(struct ImDrawList *,struct ImVec2,struct ImVec2,struct ImVec2,struct ImVec4,float)" (?FX2@@YAXPEAUImDrawList@@UImVec2@@11UImVec4@@M@Z)
C:\Users\Dan-Mechanics\Development\GITHUB\StartingPoint\StartingPoint\x64\Debug\StartingPoint.exe : fatal error LNK1120: 29 unresolved externals
